+l
warning: Source file is more recent than executable.
20	    }
21	}
22	
23	void output(char *str, char *rev_str){
24	    printf("The reversed string is %s:\n", rev_str);
25	}
26	
27	int main(void){
28	    char str[100], rev_str[100];
29	    input_string(str);
+b 13
Breakpoint 1 at 0x401472: file c:\Users\hp\github-classroom\FPC-advanced\fpc-advanced-classroom-1st-year-assignment-tvchblur\set02\problem06.c, line 13.
+b 18
Breakpoint 2 at 0x401495: file c:\Users\hp\github-classroom\FPC-advanced\fpc-advanced-classroom-1st-year-assignment-tvchblur\set02\problem06.c, line 18.
+b 19
Breakpoint 3 at 0x40149e: file c:\Users\hp\github-classroom\FPC-advanced\fpc-advanced-classroom-1st-year-assignment-tvchblur\set02\problem06.c, line 19.
+b 29
Breakpoint 4 at 0x4014fa: file c:\Users\hp\github-classroom\FPC-advanced\fpc-advanced-classroom-1st-year-assignment-tvchblur\set02\problem06.c, line 29.
+b 30
Breakpoint 5 at 0x401506: file c:\Users\hp\github-classroom\FPC-advanced\fpc-advanced-classroom-1st-year-assignment-tvchblur\set02\problem06.c, line 30.
+b 21
Breakpoint 6 at 0x4014ca: file c:\Users\hp\github-classroom\FPC-advanced\fpc-advanced-classroom-1st-year-assignment-tvchblur\set02\problem06.c, line 21.
+git add .
Undefined command: "git".  Try "help".
+git commit -m "committed 11/8/2023, 7:23:23 PM"
Undefined command: "git".  Try "help".
+git push
Undefined command: "git".  Try "help".
+q
