+l
warning: Source file is more recent than executable.
32	    return distance;
33	}
34	
35	void output(float x1, float y1, float x2, float y2, float distance){
36	    printf("The distance between point (%f, %f) and (%f, %f) is %f\n", x1,y1,x2,y2,distance);
37	}
38	
39	int main(void){
40	    float x1,x2,y1,y2,distance;
41	    input(&x1,&y1,&x2,&y2);
+b 13
Breakpoint 1 at 0x401472: file c:\Users\hp\github-classroom\FPC-advanced\fpc-advanced-classroom-1st-year-assignment-tvchblur\set03\problem01.c, line 13.
+b 15
Breakpoint 2 at 0x401498: file c:\Users\hp\github-classroom\FPC-advanced\fpc-advanced-classroom-1st-year-assignment-tvchblur\set03\problem01.c, line 15.
+b 21
Breakpoint 3 at 0x4014f4: file c:\Users\hp\github-classroom\FPC-advanced\fpc-advanced-classroom-1st-year-assignment-tvchblur\set03\problem01.c, line 21.
+b 22
Breakpoint 4 at 0x4014fa: file c:\Users\hp\github-classroom\FPC-advanced\fpc-advanced-classroom-1st-year-assignment-tvchblur\set03\problem01.c, line 22.
+b 23
Breakpoint 5 at 0x401500: file c:\Users\hp\github-classroom\FPC-advanced\fpc-advanced-classroom-1st-year-assignment-tvchblur\set03\problem01.c, line 23.
+b 27
Breakpoint 6 at 0x40153f: file c:\Users\hp\github-classroom\FPC-advanced\fpc-advanced-classroom-1st-year-assignment-tvchblur\set03\problem01.c, line 27.
+b 28
Breakpoint 7 at 0x401545: file c:\Users\hp\github-classroom\FPC-advanced\fpc-advanced-classroom-1st-year-assignment-tvchblur\set03\problem01.c, line 28.
+b 29
Breakpoint 8 at 0x40154b: file c:\Users\hp\github-classroom\FPC-advanced\fpc-advanced-classroom-1st-year-assignment-tvchblur\set03\problem01.c, line 29.
+b 31
Breakpoint 9 at 0x401551: file c:\Users\hp\github-classroom\FPC-advanced\fpc-advanced-classroom-1st-year-assignment-tvchblur\set03\problem01.c, line 31.
+b 36
Breakpoint 10 at 0x4015cd: file c:\Users\hp\github-classroom\FPC-advanced\fpc-advanced-classroom-1st-year-assignment-tvchblur\set03\problem01.c, line 36.
+b 41
Breakpoint 11 at 0x401611: file c:\Users\hp\github-classroom\FPC-advanced\fpc-advanced-classroom-1st-year-assignment-tvchblur\set03\problem01.c, line 41.
+b 42
Breakpoint 12 at 0x401635: file c:\Users\hp\github-classroom\FPC-advanced\fpc-advanced-classroom-1st-year-assignment-tvchblur\set03\problem01.c, line 42.
+b 43
Breakpoint 13 at 0x401669: file c:\Users\hp\github-classroom\FPC-advanced\fpc-advanced-classroom-1st-year-assignment-tvchblur\set03\problem01.c, line 43.
+info b
Num     Type           Disp Enb Address    What
1       breakpoint     keep y   0x00401472 in input 
                                           at c:\Users\hp\github-classroom\FPC-advanced\fpc-advanced-classroom-1st-year-assignment-tvchblur\set03\problem01.c:13
2       breakpoint     keep y   0x00401498 in input 
                                           at c:\Users\hp\github-classroom\FPC-advanced\fpc-advanced-classroom-1st-year-assignment-tvchblur\set03\problem01.c:15
3       breakpoint     keep y   0x004014f4 in find_distance 
                                           at c:\Users\hp\github-classroom\FPC-advanced\fpc-advanced-classroom-1st-year-assignment-tvchblur\set03\problem01.c:21
4       breakpoint     keep y   0x004014fa in find_distance 
                                           at c:\Users\hp\github-classroom\FPC-advanced\fpc-advanced-classroom-1st-year-assignment-tvchblur\set03\problem01.c:22
5       breakpoint     keep y   0x00401500 in find_distance 
                                           at c:\Users\hp\github-classroom\FPC-advanced\fpc-advanced-classroom-1st-year-assignment-tvchblur\set03\problem01.c:23
6       breakpoint     keep y   0x0040153f in find_distance 
                                           at c:\Users\hp\github-classroom\FPC-advanced\fpc-advanced-classroom-1st-year-assignment-tvchblur\set03\problem01.c:27
7       breakpoint     keep y   0x00401545 in find_distance 
                                           at c:\Users\hp\github-classroom\FPC-advanced\fpc-advanced-classroom-1st-year-assignment-tvchblur\set03\problem01.c:28
8       breakpoint     keep y   0x0040154b in find_distance 
                                           at c:\Users\hp\github-classroom\FPC-advanced\fpc-advanced-classroom-1st-year-assignment-tvchblur\set03\problem01.c:29
9       breakpoint     keep y   0x00401551 in find_distance 
                                           at c:\Users\hp\github-classroom\FPC-advanced\fpc-advanced-classroom-1st-year-assignment-tvchblur\set03\problem01.c:31
10      breakpoint     keep y   0x004015cd in output 
                                           at c:\Users\hp\github-classroom\FPC-advanced\fpc-advanced-classroom-1st-year-assignment-tvchblur\set03\problem01.c:36
11      breakpoint     keep y   0x00401611 in main 
                                           at c:\Users\hp\github-classroom\FPC-advanced\fpc-advanced-classroom-1st-year-assignment-tvchblur\set03\problem01.c:41
12      breakpoint     keep y   0x00401635 in main 
                                           at c:\Users\hp\github-classroom\FPC-advanced\fpc-advanced-classroom-1st-year-assignment-tvchblur\set03\problem01.c:42
13      breakpoint     keep y   0x00401669 in main 
                                           at c:\Users\hp\github-classroom\FPC-advanced\fpc-advanced-classroom-1st-year-assignment-tvchblur\set03\problem01.c:43
+run
Starting program: C:\Users\hp\github-classroom\FPC-advanced\fpc-advanced-classroom-1st-year-assignment-tvchblur\set03/./problem01.exe 
[New Thread 1640.0xdb8]
[New Thread 1640.0x3424]

Breakpoint 11, main () at c:\Users\hp\github-classroom\FPC-advanced\fpc-advanced-classroom-1st-year-assignment-tvchblur\set03\problem01.c:41
41	    input(&x1,&y1,&x2,&y2);
+1
Undefined command: "1".  Try "help".
+step
[New Thread 1640.0x20ac]
input (x1=0x61ff18, y1=0x61ff10, x2=0x61ff14, y2=0x61ff0c)
    at c:\Users\hp\github-classroom\FPC-advanced\fpc-advanced-classroom-1st-year-assignment-tvchblur\set03\problem01.c:12
12	    printf("Enter the x and y values of the first point:\n");
+step

Breakpoint 1, input (x1=0x61ff18, y1=0x61ff10, x2=0x61ff14, y2=0x61ff0c)
    at c:\Users\hp\github-classroom\FPC-advanced\fpc-advanced-classroom-1st-year-assignment-tvchblur\set03\problem01.c:13
13	    scanf("%f%f", x1, y1);
+print x1
$1 = (float *) 0x61ff18
+run
The program being debugged has been started already.
Start it from the beginning? (y or n) error return ../../gdb-7.6.1/gdb/windows-nat.c:1275 was 5
Starting program: C:\Users\hp\github-classroom\FPC-advanced\fpc-advanced-classroom-1st-year-assignment-tvchblur\set03/./problem01.exe 
[New Thread 11640.0x2b40]
[New Thread 11640.0x3dfc]

Breakpoint 11, main () at c:\Users\hp\github-classroom\FPC-advanced\fpc-advanced-classroom-1st-year-assignment-tvchblur\set03\problem01.c:41
41	    input(&x1,&y1,&x2,&y2);
+step
input (x1=0x61ff18, y1=0x61ff10, x2=0x61ff14, y2=0x61ff0c)
    at c:\Users\hp\github-classroom\FPC-advanced\fpc-advanced-classroom-1st-year-assignment-tvchblur\set03\problem01.c:12
12	    printf("Enter the x and y values of the first point:\n");
+1
Undefined command: "1".  Try "help".
+step

Breakpoint 1, input (x1=0x61ff18, y1=0x61ff10, x2=0x61ff14, y2=0x61ff0c)
    at c:\Users\hp\github-classroom\FPC-advanced\fpc-advanced-classroom-1st-year-assignment-tvchblur\set03\problem01.c:13
13	    scanf("%f%f", x1, y1);
+1
Undefined command: "1".  Try "help".
+print x1
$2 = (float *) 0x61ff18
+print y1
$3 = (float *) 0x61ff10
+step
14	    printf("Enter the x and y values of the second point:\n");
+print x1
$4 = (float *) 0x61ff18
+print y1
$5 = (float *) 0x61ff10
+step

Breakpoint 2, input (x1=0x61ff18, y1=0x61ff10, x2=0x61ff14, y2=0x61ff0c)
    at c:\Users\hp\github-classroom\FPC-advanced\fpc-advanced-classroom-1st-year-assignment-tvchblur\set03\problem01.c:15
15	    scanf("%f%f", x2, y2);
+1
Undefined command: "1".  Try "help".
+step
16	}
+run
The program being debugged has been started already.
Start it from the beginning? (y or n) error return ../../gdb-7.6.1/gdb/windows-nat.c:1275 was 5
Starting program: C:\Users\hp\github-classroom\FPC-advanced\fpc-advanced-classroom-1st-year-assignment-tvchblur\set03/./problem01.exe 
[New Thread 1428.0x47b4]
[New Thread 1428.0x4520]

Breakpoint 11, main () at c:\Users\hp\github-classroom\FPC-advanced\fpc-advanced-classroom-1st-year-assignment-tvchblur\set03\problem01.c:41
41	    input(&x1,&y1,&x2,&y2);
+step
input (x1=0x61ff18, y1=0x61ff10, x2=0x61ff14, y2=0x61ff0c)
    at c:\Users\hp\github-classroom\FPC-advanced\fpc-advanced-classroom-1st-year-assignment-tvchblur\set03\problem01.c:12
12	    printf("Enter the x and y values of the first point:\n");
+step

Breakpoint 1, input (x1=0x61ff18, y1=0x61ff10, x2=0x61ff14, y2=0x61ff0c)
    at c:\Users\hp\github-classroom\FPC-advanced\fpc-advanced-classroom-1st-year-assignment-tvchblur\set03\problem01.c:13
13	    scanf("%f%f", x1, y1);
+step
14	    printf("Enter the x and y values of the second point:\n");
+step

Breakpoint 2, input (x1=0x61ff18, y1=0x61ff10, x2=0x61ff14, y2=0x61ff0c)
    at c:\Users\hp\github-classroom\FPC-advanced\fpc-advanced-classroom-1st-year-assignment-tvchblur\set03\problem01.c:15
15	    scanf("%f%f", x2, y2);
+step
16	}
+step

Breakpoint 12, main () at c:\Users\hp\github-classroom\FPC-advanced\fpc-advanced-classroom-1st-year-assignment-tvchblur\set03\problem01.c:42
42	    distance = find_distance(x1,y1,x2,y2);
+print x1
$6 = 1
+print y1
$7 = 1
+print x2
$8 = 2
+print y2
$9 = 2
+print distance
$10 = 5.87765112e-039
+step
find_distance (x1=1, y1=1, x2=2, y2=2) at c:\Users\hp\github-classroom\FPC-advanced\fpc-advanced-classroom-1st-year-assignment-tvchblur\set03\problem01.c:20
20	    if(pow(x1,2)-pow(x2,2)<0){
+print pow(x1,2)
$11 = 1072693280
+print pow(x2,2)
$12 = 12453328
+step

Breakpoint 3, find_distance (x1=1, y1=1, x2=2, y2=2)
    at c:\Users\hp\github-classroom\FPC-advanced\fpc-advanced-classroom-1st-year-assignment-tvchblur\set03\problem01.c:21
21	        temp = x2;
+print pow(x1,2)
$13 = 1072693280
+print pow(x1,2)-pow(x2,2)
[New Thread 1428.0x4c4]
$14 = 1060239952
+step

Breakpoint 4, find_distance (x1=1, y1=1, x2=2, y2=2)
    at c:\Users\hp\github-classroom\FPC-advanced\fpc-advanced-classroom-1st-year-assignment-tvchblur\set03\problem01.c:22
22	        x2=x1;
+print temp
$15 = 2
+step

Breakpoint 5, find_distance (x1=1, y1=1, x2=1, y2=2)
    at c:\Users\hp\github-classroom\FPC-advanced\fpc-advanced-classroom-1st-year-assignment-tvchblur\set03\problem01.c:23
23	        x1=temp;
+print temp
$16 = 2
+print x1
$17 = 1
+step
26	    if (pow(y1,2)-pow(y2,2)<0){
+print x1
$18 = 2
+print x2
$19 = 1
+step

Breakpoint 6, find_distance (x1=2, y1=1, x2=1, y2=2)
    at c:\Users\hp\github-classroom\FPC-advanced\fpc-advanced-classroom-1st-year-assignment-tvchblur\set03\problem01.c:27
27	        temp = y2;
+print temp
$20 = 2
+print y2
$21 = 2
+print y1
$22 = 1
+step

Breakpoint 7, find_distance (x1=2, y1=1, x2=1, y2=2)
    at c:\Users\hp\github-classroom\FPC-advanced\fpc-advanced-classroom-1st-year-assignment-tvchblur\set03\problem01.c:28
28	        y2=y1;
+print y1
$23 = 1
+print y2
$24 = 2
+step

Breakpoint 8, find_distance (x1=2, y1=1, x2=1, y2=1)
    at c:\Users\hp\github-classroom\FPC-advanced\fpc-advanced-classroom-1st-year-assignment-tvchblur\set03\problem01.c:29
29	        y1=temp;
+step

Breakpoint 9, find_distance (x1=2, y1=2, x2=1, y2=1)
    at c:\Users\hp\github-classroom\FPC-advanced\fpc-advanced-classroom-1st-year-assignment-tvchblur\set03\problem01.c:31
31	    float distance = sqrt((pow(x1, 2)-pow(x2,2)) + (pow(y1,2)-pow(y2,2)));
+print temp
$25 = 2
+print y1
$26 = 2
+print y2
$27 = 1
+print
$28 = 1
+step
32	    return distance;
+print distance
$29 = 2.44948983
+step
33	}
+step

Breakpoint 13, main () at c:\Users\hp\github-classroom\FPC-advanced\fpc-advanced-classroom-1st-year-assignment-tvchblur\set03\problem01.c:43
43	    output(x1,y1,x2,y2,distance);
+print output
$30 = {void (float, float, float, float, float)} 0x4015c7 <output>
+print x
No symbol "x" in current context.
+print x1
$31 = 1
+print x2
$32 = 2
+print y1
$33 = 1
+print y2
$34 = 2
+print distance
$35 = 2.44948983
+step

Breakpoint 10, output (x1=1, y1=1, x2=2, y2=2, distance=2.44948983)
    at c:\Users\hp\github-classroom\FPC-advanced\fpc-advanced-classroom-1st-year-assignment-tvchblur\set03\problem01.c:36
36	rintf("The distance between point (%f, %f) and (%f, %f) is %f\n", x1,y1,x2,y2,distance);
+print x1
$36 = 1
+print x2
$37 = 2
+print y1
$38 = 1
+print y2
$39 = 2
+step
37	int main(void){
+step
main () at c:\Users\hp\github-classroom\FPC-advanced\fpc-advanced-classroom-1st-year-assignment-tvchblur\set03\problem01.c:44
44	eturn 0;
+step
+1
Undefined command: "1".  Try "help".
+step
0x00401288 in __register_frame_info ()
+step
Single stepping until exit from function __register_frame_info,
which has no line number information.
0x0040128a in __register_frame_info ()
+step
Single stepping until exit from function __register_frame_info,
which has no line number information.
0x0040128f in __register_frame_info ()
+step
Single stepping until exit from function __register_frame_info,
which has no line number information.
0x00401292 in __register_frame_info ()
+step
Single stepping until exit from function __register_frame_info,
which has no line number information.
[Inferior 1 (process 1428) exited normally]
+step
The program is not being run.
+step
The program is not being run.
+q
